{
	"/home/ad/viktor.zhechev/LPM/lbi-common/src/lib/components/Icon.svelte": {
		"path": "/home/ad/viktor.zhechev/LPM/lbi-common/src/lib/components/Icon.svelte",
		"all": false,
		"statementMap": {
			"0": { "start": { "line": 1, "column": 0 }, "end": { "line": 1, "column": 18 } },
			"1": { "start": { "line": 2, "column": 0 }, "end": { "line": 2, "column": 55 } },
			"2": { "start": { "line": 3, "column": 0 }, "end": { "line": 3, "column": 0 } },
			"3": { "start": { "line": 4, "column": 0 }, "end": { "line": 4, "column": 28 } },
			"4": { "start": { "line": 5, "column": 0 }, "end": { "line": 5, "column": 44 } },
			"5": { "start": { "line": 6, "column": 0 }, "end": { "line": 6, "column": 32 } },
			"6": { "start": { "line": 7, "column": 0 }, "end": { "line": 7, "column": 31 } },
			"7": { "start": { "line": 8, "column": 0 }, "end": { "line": 8, "column": 46 } },
			"8": { "start": { "line": 9, "column": 0 }, "end": { "line": 9, "column": 50 } },
			"9": { "start": { "line": 10, "column": 0 }, "end": { "line": 10, "column": 47 } },
			"10": { "start": { "line": 11, "column": 0 }, "end": { "line": 11, "column": 33 } },
			"11": { "start": { "line": 12, "column": 0 }, "end": { "line": 12, "column": 32 } },
			"12": { "start": { "line": 13, "column": 0 }, "end": { "line": 13, "column": 0 } },
			"13": { "start": { "line": 14, "column": 0 }, "end": { "line": 14, "column": 58 } },
			"14": { "start": { "line": 15, "column": 0 }, "end": { "line": 15, "column": 22 } },
			"15": { "start": { "line": 16, "column": 0 }, "end": { "line": 16, "column": 23 } },
			"16": { "start": { "line": 17, "column": 0 }, "end": { "line": 17, "column": 23 } },
			"17": { "start": { "line": 18, "column": 0 }, "end": { "line": 18, "column": 24 } },
			"18": { "start": { "line": 19, "column": 0 }, "end": { "line": 19, "column": 24 } },
			"19": { "start": { "line": 20, "column": 0 }, "end": { "line": 20, "column": 21 } },
			"20": { "start": { "line": 21, "column": 0 }, "end": { "line": 21, "column": 24 } },
			"21": { "start": { "line": 22, "column": 0 }, "end": { "line": 22, "column": 23 } },
			"22": { "start": { "line": 23, "column": 0 }, "end": { "line": 23, "column": 22 } },
			"23": { "start": { "line": 24, "column": 0 }, "end": { "line": 24, "column": 0 } },
			"24": { "start": { "line": 25, "column": 0 }, "end": { "line": 25, "column": 11 } },
			"25": { "start": { "line": 26, "column": 0 }, "end": { "line": 26, "column": 23 } },
			"26": { "start": { "line": 27, "column": 0 }, "end": { "line": 27, "column": 3 } },
			"27": { "start": { "line": 28, "column": 0 }, "end": { "line": 28, "column": 2 } },
			"28": { "start": { "line": 29, "column": 0 }, "end": { "line": 29, "column": 9 } },
			"29": { "start": { "line": 30, "column": 0 }, "end": { "line": 30, "column": 0 } },
			"30": { "start": { "line": 31, "column": 0 }, "end": { "line": 31, "column": 56 } },
			"31": { "start": { "line": 32, "column": 0 }, "end": { "line": 32, "column": 4 } },
			"32": { "start": { "line": 33, "column": 0 }, "end": { "line": 33, "column": 54 } },
			"33": { "start": { "line": 34, "column": 0 }, "end": { "line": 34, "column": 36 } },
			"34": { "start": { "line": 35, "column": 0 }, "end": { "line": 35, "column": 17 } },
			"35": { "start": { "line": 36, "column": 0 }, "end": { "line": 36, "column": 35 } },
			"36": { "start": { "line": 37, "column": 0 }, "end": { "line": 37, "column": 55 } },
			"37": { "start": { "line": 38, "column": 0 }, "end": { "line": 38, "column": 20 } },
			"38": { "start": { "line": 39, "column": 0 }, "end": { "line": 39, "column": 10 } },
			"39": { "start": { "line": 40, "column": 0 }, "end": { "line": 40, "column": 1 } },
			"40": { "start": { "line": 41, "column": 0 }, "end": { "line": 41, "column": 21 } },
			"41": { "start": { "line": 42, "column": 0 }, "end": { "line": 42, "column": 6 } }
		},
		"s": {
			"0": 1,
			"1": 1,
			"2": 1,
			"3": 1,
			"4": 1,
			"5": 1,
			"6": 1,
			"7": 1,
			"8": 1,
			"9": 1,
			"10": 1,
			"11": 1,
			"12": 1,
			"13": 1,
			"14": 1,
			"15": 1,
			"16": 1,
			"17": 1,
			"18": 0,
			"19": 1,
			"20": 0,
			"21": 1,
			"22": 0,
			"23": 1,
			"24": 1,
			"25": 1,
			"26": 1,
			"27": 1,
			"28": 1,
			"29": 1,
			"30": 1,
			"31": 1,
			"32": 1,
			"33": 1,
			"34": 1,
			"35": 1,
			"36": 1,
			"37": 1,
			"38": 1,
			"39": 1,
			"40": 1,
			"41": 1
		},
		"branchMap": {
			"0": {
				"type": "branch",
				"line": 18,
				"loc": { "start": { "line": 18, "column": 8 }, "end": { "line": 19, "column": 24 } },
				"locations": [{ "start": { "line": 18, "column": 8 }, "end": { "line": 19, "column": 24 } }]
			},
			"1": {
				"type": "branch",
				"line": 20,
				"loc": { "start": { "line": 20, "column": 8 }, "end": { "line": 21, "column": 24 } },
				"locations": [{ "start": { "line": 20, "column": 8 }, "end": { "line": 21, "column": 24 } }]
			},
			"2": {
				"type": "branch",
				"line": 22,
				"loc": { "start": { "line": 22, "column": 8 }, "end": { "line": 23, "column": 22 } },
				"locations": [{ "start": { "line": 22, "column": 8 }, "end": { "line": 23, "column": 22 } }]
			}
		},
		"b": { "0": [0], "1": [0], "2": [0] },
		"fnMap": {
			"0": {
				"name": "click_handler$",
				"decl": { "start": { "line": 33, "column": 12 }, "end": { "line": 33, "column": 52 } },
				"loc": { "start": { "line": 33, "column": 12 }, "end": { "line": 33, "column": 52 } },
				"line": 33
			}
		},
		"f": { "0": 0 }
	},
	"/home/ad/viktor.zhechev/LPM/lbi-common/src/lib/enums/direction.enum.ts": {
		"path": "/home/ad/viktor.zhechev/LPM/lbi-common/src/lib/enums/direction.enum.ts",
		"all": false,
		"statementMap": {
			"0": { "start": { "line": 1, "column": 0 }, "end": { "line": 1, "column": 23 } },
			"1": { "start": { "line": 2, "column": 0 }, "end": { "line": 2, "column": 6 } },
			"2": { "start": { "line": 3, "column": 0 }, "end": { "line": 3, "column": 7 } },
			"3": { "start": { "line": 4, "column": 0 }, "end": { "line": 4, "column": 4 } },
			"4": { "start": { "line": 5, "column": 0 }, "end": { "line": 5, "column": 5 } },
			"5": { "start": { "line": 6, "column": 0 }, "end": { "line": 6, "column": 1 } }
		},
		"s": { "0": 1, "1": 1, "2": 1, "3": 1, "4": 1, "5": 1 },
		"branchMap": {
			"0": {
				"type": "branch",
				"line": 1,
				"loc": { "start": { "line": 1, "column": 7 }, "end": { "line": 1, "column": 23 } },
				"locations": [{ "start": { "line": 1, "column": 7 }, "end": { "line": 1, "column": 23 } }]
			},
			"1": {
				"type": "branch",
				"line": 1,
				"loc": { "start": { "line": 1, "column": 12 }, "end": { "line": 1, "column": 23 } },
				"locations": [{ "start": { "line": 1, "column": 12 }, "end": { "line": 1, "column": 23 } }]
			}
		},
		"b": { "0": [1], "1": [2] },
		"fnMap": {
			"0": {
				"name": "get",
				"decl": { "start": { "line": 1, "column": 12 }, "end": { "line": 1, "column": 23 } },
				"loc": { "start": { "line": 1, "column": 12 }, "end": { "line": 1, "column": 23 } },
				"line": 1
			}
		},
		"f": { "0": 2 }
	},
	"/home/ad/viktor.zhechev/LPM/lbi-common/src/lib/utils/helpers.ts": {
		"path": "/home/ad/viktor.zhechev/LPM/lbi-common/src/lib/utils/helpers.ts",
		"all": false,
		"statementMap": {
			"0": { "start": { "line": 1, "column": 0 }, "end": { "line": 1, "column": 58 } },
			"1": { "start": { "line": 2, "column": 0 }, "end": { "line": 2, "column": 33 } },
			"2": { "start": { "line": 3, "column": 0 }, "end": { "line": 3, "column": 1 } },
			"3": { "start": { "line": 4, "column": 0 }, "end": { "line": 4, "column": 0 } },
			"4": { "start": { "line": 5, "column": 0 }, "end": { "line": 5, "column": 46 } },
			"5": { "start": { "line": 6, "column": 0 }, "end": { "line": 6, "column": 36 } },
			"6": { "start": { "line": 7, "column": 0 }, "end": { "line": 7, "column": 33 } },
			"7": { "start": { "line": 8, "column": 0 }, "end": { "line": 8, "column": 73 } },
			"8": { "start": { "line": 9, "column": 0 }, "end": { "line": 9, "column": 61 } },
			"9": { "start": { "line": 10, "column": 0 }, "end": { "line": 10, "column": 4 } },
			"10": { "start": { "line": 11, "column": 0 }, "end": { "line": 11, "column": 3 } },
			"11": { "start": { "line": 12, "column": 0 }, "end": { "line": 12, "column": 2 } },
			"12": { "start": { "line": 13, "column": 0 }, "end": { "line": 13, "column": 55 } },
			"13": { "start": { "line": 14, "column": 0 }, "end": { "line": 14, "column": 2 } },
			"14": { "start": { "line": 15, "column": 0 }, "end": { "line": 15, "column": 9 } },
			"15": { "start": { "line": 16, "column": 0 }, "end": { "line": 16, "column": 14 } },
			"16": { "start": { "line": 17, "column": 0 }, "end": { "line": 17, "column": 59 } },
			"17": { "start": { "line": 18, "column": 0 }, "end": { "line": 18, "column": 5 } },
			"18": { "start": { "line": 19, "column": 0 }, "end": { "line": 19, "column": 3 } },
			"19": { "start": { "line": 20, "column": 0 }, "end": { "line": 20, "column": 3 } },
			"20": { "start": { "line": 21, "column": 0 }, "end": { "line": 21, "column": 2 } },
			"21": { "start": { "line": 22, "column": 0 }, "end": { "line": 22, "column": 45 } },
			"22": { "start": { "line": 23, "column": 0 }, "end": { "line": 23, "column": 11 } },
			"23": { "start": { "line": 24, "column": 0 }, "end": { "line": 24, "column": 23 } },
			"24": { "start": { "line": 25, "column": 0 }, "end": { "line": 25, "column": 42 } },
			"25": { "start": { "line": 26, "column": 0 }, "end": { "line": 26, "column": 48 } },
			"26": { "start": { "line": 27, "column": 0 }, "end": { "line": 27, "column": 18 } },
			"27": { "start": { "line": 28, "column": 0 }, "end": { "line": 28, "column": 4 } },
			"28": { "start": { "line": 29, "column": 0 }, "end": { "line": 29, "column": 2 } },
			"29": { "start": { "line": 30, "column": 0 }, "end": { "line": 30, "column": 53 } },
			"30": { "start": { "line": 31, "column": 0 }, "end": { "line": 31, "column": 28 } },
			"31": { "start": { "line": 32, "column": 0 }, "end": { "line": 32, "column": 79 } },
			"32": { "start": { "line": 33, "column": 0 }, "end": { "line": 33, "column": 55 } },
			"33": { "start": { "line": 34, "column": 0 }, "end": { "line": 34, "column": 88 } },
			"34": { "start": { "line": 35, "column": 0 }, "end": { "line": 35, "column": 90 } },
			"35": { "start": { "line": 36, "column": 0 }, "end": { "line": 36, "column": 65 } },
			"36": { "start": { "line": 37, "column": 0 }, "end": { "line": 37, "column": 52 } },
			"37": { "start": { "line": 38, "column": 0 }, "end": { "line": 38, "column": 2 } },
			"38": { "start": { "line": 39, "column": 0 }, "end": { "line": 39, "column": 65 } },
			"39": { "start": { "line": 40, "column": 0 }, "end": { "line": 40, "column": 4 } },
			"40": { "start": { "line": 41, "column": 0 }, "end": { "line": 41, "column": 2 } },
			"41": { "start": { "line": 42, "column": 0 }, "end": { "line": 42, "column": 44 } },
			"42": { "start": { "line": 43, "column": 0 }, "end": { "line": 43, "column": 46 } },
			"43": { "start": { "line": 44, "column": 0 }, "end": { "line": 44, "column": 2 } },
			"44": { "start": { "line": 45, "column": 0 }, "end": { "line": 45, "column": 9 } },
			"45": { "start": { "line": 46, "column": 0 }, "end": { "line": 46, "column": 19 } },
			"46": { "start": { "line": 47, "column": 0 }, "end": { "line": 47, "column": 20 } },
			"47": { "start": { "line": 48, "column": 0 }, "end": { "line": 48, "column": 82 } },
			"48": { "start": { "line": 49, "column": 0 }, "end": { "line": 49, "column": 76 } },
			"49": { "start": { "line": 50, "column": 0 }, "end": { "line": 50, "column": 3 } },
			"50": { "start": { "line": 51, "column": 0 }, "end": { "line": 51, "column": 4 } }
		},
		"s": {
			"0": 1,
			"1": 5,
			"2": 5,
			"3": 1,
			"4": 1,
			"5": 1,
			"6": 0,
			"7": 0,
			"8": 0,
			"9": 0,
			"10": 0,
			"11": 0,
			"12": 0,
			"13": 0,
			"14": 0,
			"15": 0,
			"16": 0,
			"17": 0,
			"18": 0,
			"19": 0,
			"20": 1,
			"21": 1,
			"22": 0,
			"23": 0,
			"24": 0,
			"25": 0,
			"26": 0,
			"27": 0,
			"28": 1,
			"29": 1,
			"30": 0,
			"31": 0,
			"32": 0,
			"33": 0,
			"34": 0,
			"35": 0,
			"36": 0,
			"37": 0,
			"38": 0,
			"39": 0,
			"40": 1,
			"41": 1,
			"42": 0,
			"43": 0,
			"44": 0,
			"45": 0,
			"46": 0,
			"47": 0,
			"48": 0,
			"49": 0,
			"50": 0
		},
		"branchMap": {
			"0": {
				"type": "branch",
				"line": 1,
				"loc": { "start": { "line": 1, "column": 57 }, "end": { "line": 3, "column": 1 } },
				"locations": [{ "start": { "line": 1, "column": 57 }, "end": { "line": 3, "column": 1 } }]
			},
			"1": {
				"type": "branch",
				"line": 3,
				"loc": { "start": { "line": 3, "column": 0 }, "end": { "line": 3, "column": 1 } },
				"locations": [{ "start": { "line": 3, "column": 0 }, "end": { "line": 3, "column": 1 } }]
			}
		},
		"b": { "0": [5], "1": [5] },
		"fnMap": {
			"0": {
				"name": "removeLeadingZero",
				"decl": { "start": { "line": 1, "column": 57 }, "end": { "line": 3, "column": 1 } },
				"loc": { "start": { "line": 1, "column": 57 }, "end": { "line": 3, "column": 1 } },
				"line": 1
			},
			"1": {
				"name": "get",
				"decl": { "start": { "line": 3, "column": 0 }, "end": { "line": 3, "column": 1 } },
				"loc": { "start": { "line": 3, "column": 0 }, "end": { "line": 3, "column": 1 } },
				"line": 3
			},
			"2": {
				"name": "clickOutside",
				"decl": { "start": { "line": 6, "column": 7 }, "end": { "line": 20, "column": 3 } },
				"loc": { "start": { "line": 6, "column": 7 }, "end": { "line": 20, "column": 3 } },
				"line": 6
			},
			"3": {
				"name": "get",
				"decl": { "start": { "line": 20, "column": 2 }, "end": { "line": 20, "column": 3 } },
				"loc": { "start": { "line": 20, "column": 2 }, "end": { "line": 20, "column": 3 } },
				"line": 20
			},
			"4": {
				"name": "formatVariableKey",
				"decl": { "start": { "line": 22, "column": 35 }, "end": { "line": 28, "column": 4 } },
				"loc": { "start": { "line": 22, "column": 35 }, "end": { "line": 28, "column": 4 } },
				"line": 22
			},
			"5": {
				"name": "get",
				"decl": { "start": { "line": 28, "column": 2 }, "end": { "line": 28, "column": 4 } },
				"loc": { "start": { "line": 28, "column": 2 }, "end": { "line": 28, "column": 4 } },
				"line": 28
			},
			"6": {
				"name": "getMinWidth",
				"decl": { "start": { "line": 30, "column": 29 }, "end": { "line": 40, "column": 4 } },
				"loc": { "start": { "line": 30, "column": 29 }, "end": { "line": 40, "column": 4 } },
				"line": 30
			},
			"7": {
				"name": "get",
				"decl": { "start": { "line": 40, "column": 2 }, "end": { "line": 40, "column": 4 } },
				"loc": { "start": { "line": 40, "column": 2 }, "end": { "line": 40, "column": 4 } },
				"line": 40
			},
			"8": {
				"name": "isInViewport",
				"decl": { "start": { "line": 42, "column": 30 }, "end": { "line": 51, "column": 4 } },
				"loc": { "start": { "line": 42, "column": 30 }, "end": { "line": 51, "column": 4 } },
				"line": 42
			},
			"9": {
				"name": "get",
				"decl": { "start": { "line": 51, "column": 2 }, "end": { "line": 51, "column": 4 } },
				"loc": { "start": { "line": 51, "column": 2 }, "end": { "line": 51, "column": 4 } },
				"line": 51
			}
		},
		"f": { "0": 5, "1": 5, "2": 0, "3": 0, "4": 0, "5": 0, "6": 0, "7": 0, "8": 0, "9": 0 }
	}
}
